<!DOCTYPE html>

<html>
  <head>
  <meta charset='utf-8'>
  <title>TestNG reports</title>

    <link type="text/css" href="testng-reports1.css" rel="stylesheet" id="ultra" />
    <link type="text/css" href="testng-reports.css" rel="stylesheet" id="retro" disabled="false"/>
    <script type="text/javascript" src="jquery.min.js"></script>
    <script type="text/javascript" src="testng-reports.js"></script>
    <script type="text/javascript" src="https://www.google.com/jsapi"></script>
    <script type='text/javascript'>
      google.load('visualization', '1', {packages:['table']});
      google.setOnLoadCallback(drawTable);
      var suiteTableInitFunctions = new Array();
      var suiteTableData = new Array();
    </script>
    <!--
      <script type="text/javascript" src="jquery-ui/js/jquery-ui-1.8.16.custom.min.js"></script>
     -->
  </head>

  <body>
    <div class="top-banner-root">
      <span class="top-banner-title-font">Test results</span>
      <button id="button" class="button">Switch Retro Theme</button> <!-- button -->
      <br/>
      <span class="top-banner-font-1">1 suite, 4 failed tests</span>
    </div> <!-- top-banner-root -->
    <div class="navigator-root">
      <div class="navigator-suite-header">
        <span>All suites</span>
        <a href="#" title="Collapse/expand all the suites" class="collapse-all-link">
          <img src="collapseall.gif" class="collapse-all-icon">
          </img> <!-- collapse-all-icon -->
        </a> <!-- collapse-all-link -->
      </div> <!-- navigator-suite-header -->
      <div class="suite">
        <div class="rounded-window">
          <div class="suite-header light-rounded-window-top">
            <a href="#" panel-name="suite-Suite" class="navigator-link">
              <span class="suite-name border-failed">Suite</span>
            </a> <!-- navigator-link -->
          </div> <!-- suite-header light-rounded-window-top -->
          <div class="navigator-suite-content">
            <div class="suite-section-title">
              <span>Info</span>
            </div> <!-- suite-section-title -->
            <div class="suite-section-content">
              <ul>
                <li>
                  <a href="#" panel-name="test-xml-Suite" class="navigator-link ">
                    <span>C:\Users\Tshifiwa.Snugo\git\Selenium Assessment\SeleniumTestNG_Assessment\testng.xml</span>
                  </a> <!-- navigator-link  -->
                </li>
                <li>
                  <a href="#" panel-name="testlist-Suite" class="navigator-link ">
                    <span class="test-stats">1 test</span>
                  </a> <!-- navigator-link  -->
                </li>
                <li>
                  <a href="#" panel-name="group-Suite" class="navigator-link ">
                    <span>0 groups</span>
                  </a> <!-- navigator-link  -->
                </li>
                <li>
                  <a href="#" panel-name="times-Suite" class="navigator-link ">
                    <span>Times</span>
                  </a> <!-- navigator-link  -->
                </li>
                <li>
                  <a href="#" panel-name="reporter-Suite" class="navigator-link ">
                    <span>Reporter output</span>
                  </a> <!-- navigator-link  -->
                </li>
                <li>
                  <a href="#" panel-name="ignored-methods-Suite" class="navigator-link ">
                    <span>Ignored methods</span>
                  </a> <!-- navigator-link  -->
                </li>
                <li>
                  <a href="#" panel-name="chronological-Suite" class="navigator-link ">
                    <span>Chronological view</span>
                  </a> <!-- navigator-link  -->
                </li>
              </ul>
            </div> <!-- suite-section-content -->
            <div class="result-section">
              <div class="suite-section-title">
                <span>Results</span>
              </div> <!-- suite-section-title -->
              <div class="suite-section-content">
                <ul>
                  <li>
                    <span class="method-stats">20 methods, 4 failed,   16 passed</span>
                  </li>
                  <li>
                    <span class="method-list-title failed">Failed methods</span>
                    <span class="show-or-hide-methods failed">
                      <a href="#" panel-name="suite-Suite" class="hide-methods failed suite-Suite"> (hide)</a> <!-- hide-methods failed suite-Suite -->
                      <a href="#" panel-name="suite-Suite" class="show-methods failed suite-Suite"> (show)</a> <!-- show-methods failed suite-Suite -->
                    </span>
                    <div class="method-list-content failed suite-Suite">
                      <span>
                        <img src="failed.png" width="3%"/>
                        <a href="#" panel-name="suite-Suite" title="com.selenium.assessment.SearchTab" class="method navigator-link" hash-for-method="test_case_six">test_case_six</a> <!-- method navigator-link -->
                      </span>
                      <br/>
                      <span>
                        <img src="failed.png" width="3%"/>
                        <a href="#" panel-name="suite-Suite" title="com.selenium.assessment.SearchTab" class="method navigator-link" hash-for-method="validateEmployeeName">validateEmployeeName</a> <!-- method navigator-link -->
                      </span>
                      <br/>
                      <span>
                        <img src="failed.png" width="3%"/>
                        <a href="#" panel-name="suite-Suite" title="com.selenium.assessment.SearchTab" class="method navigator-link" hash-for-method="validateStatus">validateStatus</a> <!-- method navigator-link -->
                      </span>
                      <br/>
                      <span>
                        <img src="failed.png" width="3%"/>
                        <a href="#" panel-name="suite-Suite" title="com.selenium.assessment.SearchTab" class="method navigator-link" hash-for-method="validateUsername">validateUsername</a> <!-- method navigator-link -->
                      </span>
                      <br/>
                    </div> <!-- method-list-content failed suite-Suite -->
                  </li>
                  <li>
                    <span class="method-list-title passed">Passed methods</span>
                    <span class="show-or-hide-methods passed">
                      <a href="#" panel-name="suite-Suite" class="hide-methods passed suite-Suite"> (hide)</a> <!-- hide-methods passed suite-Suite -->
                      <a href="#" panel-name="suite-Suite" class="show-methods passed suite-Suite"> (show)</a> <!-- show-methods passed suite-Suite -->
                    </span>
                    <div class="method-list-content passed suite-Suite">
                      <span>
                        <img src="passed.png" width="3%"/>
                        <a href="#" panel-name="suite-Suite" title="com.selenium.assessment.AddButton" class="method navigator-link" hash-for-method="AddUserH1">AddUserH1</a> <!-- method navigator-link -->
                      </span>
                      <br/>
                      <span>
                        <img src="passed.png" width="3%"/>
                        <a href="#" panel-name="suite-Suite" title="com.selenium.assessment.AddButton" class="method navigator-link" hash-for-method="ValidateUrl">ValidateUrl</a> <!-- method navigator-link -->
                      </span>
                      <br/>
                      <span>
                        <img src="passed.png" width="3%"/>
                        <a href="#" panel-name="suite-Suite" title="com.selenium.assessment.AddUser" class="method navigator-link" hash-for-method="VerifyStatusDropdown">VerifyStatusDropdown</a> <!-- method navigator-link -->
                      </span>
                      <br/>
                      <span>
                        <img src="passed.png" width="3%"/>
                        <a href="#" panel-name="suite-Suite" title="com.selenium.assessment.Login" class="method navigator-link" hash-for-method="login(Admin, admin123)">login(Admin, admin123)</a> <!-- method navigator-link -->
                      </span>
                      <br/>
                      <span>
                        <img src="passed.png" width="3%"/>
                        <a href="#" panel-name="suite-Suite" title="com.selenium.assessment.AddUser" class="method navigator-link" hash-for-method="test_case_five">test_case_five</a> <!-- method navigator-link -->
                      </span>
                      <br/>
                      <span>
                        <img src="passed.png" width="3%"/>
                        <a href="#" panel-name="suite-Suite" title="com.selenium.assessment.AddButton" class="method navigator-link" hash-for-method="test_case_four">test_case_four</a> <!-- method navigator-link -->
                      </span>
                      <br/>
                      <span>
                        <img src="passed.png" width="3%"/>
                        <a href="#" panel-name="suite-Suite" title="com.selenium.assessment.PageTitle" class="method navigator-link" hash-for-method="test_case_one">test_case_one</a> <!-- method navigator-link -->
                      </span>
                      <br/>
                      <span>
                        <img src="passed.png" width="3%"/>
                        <a href="#" panel-name="suite-Suite" title="com.selenium.assessment.AdminTab" class="method navigator-link" hash-for-method="test_case_three">test_case_three</a> <!-- method navigator-link -->
                      </span>
                      <br/>
                      <span>
                        <img src="passed.png" width="3%"/>
                        <a href="#" panel-name="suite-Suite" title="com.selenium.assessment.AdminTab" class="method navigator-link" hash-for-method="validateAdd">validateAdd</a> <!-- method navigator-link -->
                      </span>
                      <br/>
                      <span>
                        <img src="passed.png" width="3%"/>
                        <a href="#" panel-name="suite-Suite" title="com.selenium.assessment.Login" class="method navigator-link" hash-for-method="validateAdminTab">validateAdminTab</a> <!-- method navigator-link -->
                      </span>
                      <br/>
                      <span>
                        <img src="passed.png" width="3%"/>
                        <a href="#" panel-name="suite-Suite" title="com.selenium.assessment.AdminTab" class="method navigator-link" hash-for-method="validateAdminUrl">validateAdminUrl</a> <!-- method navigator-link -->
                      </span>
                      <br/>
                      <span>
                        <img src="passed.png" width="3%"/>
                        <a href="#" panel-name="suite-Suite" title="com.selenium.assessment.AdminTab" class="method navigator-link" hash-for-method="validateDelete">validateDelete</a> <!-- method navigator-link -->
                      </span>
                      <br/>
                      <span>
                        <img src="passed.png" width="3%"/>
                        <a href="#" panel-name="suite-Suite" title="com.selenium.assessment.AdminTab" class="method navigator-link" hash-for-method="validateReset">validateReset</a> <!-- method navigator-link -->
                      </span>
                      <br/>
                      <span>
                        <img src="passed.png" width="3%"/>
                        <a href="#" panel-name="suite-Suite" title="com.selenium.assessment.AdminTab" class="method navigator-link" hash-for-method="validateSearch">validateSearch</a> <!-- method navigator-link -->
                      </span>
                      <br/>
                      <span>
                        <img src="passed.png" width="3%"/>
                        <a href="#" panel-name="suite-Suite" title="com.selenium.assessment.Login" class="method navigator-link" hash-for-method="validateUrl">validateUrl</a> <!-- method navigator-link -->
                      </span>
                      <br/>
                      <span>
                        <img src="passed.png" width="3%"/>
                        <a href="#" panel-name="suite-Suite" title="com.selenium.assessment.Login" class="method navigator-link" hash-for-method="validateWelcomeAdmin">validateWelcomeAdmin</a> <!-- method navigator-link -->
                      </span>
                      <br/>
                    </div> <!-- method-list-content passed suite-Suite -->
                  </li>
                </ul>
              </div> <!-- suite-section-content -->
            </div> <!-- result-section -->
          </div> <!-- navigator-suite-content -->
        </div> <!-- rounded-window -->
      </div> <!-- suite -->
    </div> <!-- navigator-root -->
    <div class="wrapper">
      <div class="main-panel-root">
        <div panel-name="suite-Suite" class="panel Suite">
          <div class="suite-Suite-class-failed">
            <div class="main-panel-header rounded-window-top">
              <img src="failed.png"/>
              <span class="class-name">com.selenium.assessment.SearchTab</span>
            </div> <!-- main-panel-header rounded-window-top -->
            <div class="main-panel-content rounded-window-bottom">
              <div class="method">
                <div class="method-content">
                  <a name="test_case_six">
                  </a> <!-- test_case_six -->
                  <span class="method-name">test_case_six</span>
                  <div class="stack-trace">org.openqa.selenium.NoSuchElementException: no such element: Unable to locate element: {&quot;method&quot;:&quot;css selector&quot;,&quot;selector&quot;:&quot;*[name=&apos;searchSystemUser[userName]&apos;]&quot;}
  (Session info: chrome=97.0.4692.99)
For documentation on this error, please visit: https://selenium.dev/exceptions/#no_such_element
Build info: version: &apos;4.1.1&apos;, revision: &apos;e8fcc2cecf&apos;
System info: host: &apos;LAPTOP-D3MD0V0G&apos;, ip: &apos;10.0.0.106&apos;, os.name: &apos;Windows 10&apos;, os.arch: &apos;amd64&apos;, os.version: &apos;10.0&apos;, java.version: &apos;17.0.1&apos;
Driver info: org.openqa.selenium.chrome.ChromeDriver
Command: [18bf4cf125441e58d20d05a1e3a5fcc8, findElement {using=name, value=searchSystemUser[userName]}]
Capabilities {acceptInsecureCerts: false, browserName: chrome, browserVersion: 97.0.4692.99, chrome: {chromedriverVersion: 97.0.4692.71 (adefa7837d02a..., userDataDir: C:\Users\TSHIFI~1.SNU\AppDa...}, goog:chromeOptions: {debuggerAddress: localhost:62286}, javascriptEnabled: true, networkConnectionEnabled: false, pageLoadStrategy: normal, platform: WINDOWS, platformName: WINDOWS, proxy: Proxy(), se:cdp: ws://localhost:62286/devtoo..., se:cdpVersion: 97.0.4692.99, setWindowRect: true, strictFileInteractability: false, timeouts: {implicit: 0, pageLoad: 300000, script: 30000}, unhandledPromptBehavior: dismiss and notify, webauthn:extension:credBlob: true, webauthn:extension:largeBlob: true, webauthn:virtualAuthenticators: true}
Session ID: 18bf4cf125441e58d20d05a1e3a5fcc8
	at org.openqa.selenium.remote.codec.w3c.W3CHttpResponseCodec.createException(W3CHttpResponseCodec.java:200)
	at org.openqa.selenium.remote.codec.w3c.W3CHttpResponseCodec.decode(W3CHttpResponseCodec.java:133)
	at org.openqa.selenium.remote.codec.w3c.W3CHttpResponseCodec.decode(W3CHttpResponseCodec.java:53)
	at org.openqa.selenium.remote.HttpCommandExecutor.execute(HttpCommandExecutor.java:184)
	at org.openqa.selenium.remote.service.DriverCommandExecutor.invokeExecute(DriverCommandExecutor.java:167)
	at org.openqa.selenium.remote.service.DriverCommandExecutor.execute(DriverCommandExecutor.java:142)
	at org.openqa.selenium.remote.RemoteWebDriver.execute(RemoteWebDriver.java:543)
	at org.openqa.selenium.remote.ElementLocation$ElementFinder$2.findElement(ElementLocation.java:162)
	at org.openqa.selenium.remote.ElementLocation.findElement(ElementLocation.java:60)
	at org.openqa.selenium.remote.RemoteWebDriver.findElement(RemoteWebDriver.java:367)
	at org.openqa.selenium.remote.RemoteWebDriver.findElement(RemoteWebDriver.java:359)
	at com.selenium.assessment.SearchTab.test_case_six(SearchTab.java:18)
	at java.base/java.util.ArrayList.forEach(ArrayList.java:1511)
... Removed 32 stack frames
</div> <!-- stack-trace -->
                </div> <!-- method-content -->
              </div> <!-- method -->
              <div class="method">
                <div class="method-content">
                  <a name="validateEmployeeName">
                  </a> <!-- validateEmployeeName -->
                  <span class="method-name">validateEmployeeName</span>
                  <div class="stack-trace">org.openqa.selenium.NoSuchElementException: no such element: Unable to locate element: {&quot;method&quot;:&quot;xpath&quot;,&quot;selector&quot;:&quot;//*[@id=&apos;resultTable&apos;]/tbody/tr/td[2]/a&quot;}
  (Session info: chrome=97.0.4692.99)
For documentation on this error, please visit: https://selenium.dev/exceptions/#no_such_element
Build info: version: &apos;4.1.1&apos;, revision: &apos;e8fcc2cecf&apos;
System info: host: &apos;LAPTOP-D3MD0V0G&apos;, ip: &apos;10.0.0.106&apos;, os.name: &apos;Windows 10&apos;, os.arch: &apos;amd64&apos;, os.version: &apos;10.0&apos;, java.version: &apos;17.0.1&apos;
Driver info: org.openqa.selenium.chrome.ChromeDriver
Command: [18bf4cf125441e58d20d05a1e3a5fcc8, findElement {using=xpath, value=//*[@id=&apos;resultTable&apos;]/tbody/tr/td[2]/a}]
Capabilities {acceptInsecureCerts: false, browserName: chrome, browserVersion: 97.0.4692.99, chrome: {chromedriverVersion: 97.0.4692.71 (adefa7837d02a..., userDataDir: C:\Users\TSHIFI~1.SNU\AppDa...}, goog:chromeOptions: {debuggerAddress: localhost:62286}, javascriptEnabled: true, networkConnectionEnabled: false, pageLoadStrategy: normal, platform: WINDOWS, platformName: WINDOWS, proxy: Proxy(), se:cdp: ws://localhost:62286/devtoo..., se:cdpVersion: 97.0.4692.99, setWindowRect: true, strictFileInteractability: false, timeouts: {implicit: 0, pageLoad: 300000, script: 30000}, unhandledPromptBehavior: dismiss and notify, webauthn:extension:credBlob: true, webauthn:extension:largeBlob: true, webauthn:virtualAuthenticators: true}
Session ID: 18bf4cf125441e58d20d05a1e3a5fcc8
	at org.openqa.selenium.remote.codec.w3c.W3CHttpResponseCodec.createException(W3CHttpResponseCodec.java:200)
	at org.openqa.selenium.remote.codec.w3c.W3CHttpResponseCodec.decode(W3CHttpResponseCodec.java:133)
	at org.openqa.selenium.remote.codec.w3c.W3CHttpResponseCodec.decode(W3CHttpResponseCodec.java:53)
	at org.openqa.selenium.remote.HttpCommandExecutor.execute(HttpCommandExecutor.java:184)
	at org.openqa.selenium.remote.service.DriverCommandExecutor.invokeExecute(DriverCommandExecutor.java:167)
	at org.openqa.selenium.remote.service.DriverCommandExecutor.execute(DriverCommandExecutor.java:142)
	at org.openqa.selenium.remote.RemoteWebDriver.execute(RemoteWebDriver.java:543)
	at org.openqa.selenium.remote.ElementLocation$ElementFinder$2.findElement(ElementLocation.java:162)
	at org.openqa.selenium.remote.ElementLocation.findElement(ElementLocation.java:60)
	at org.openqa.selenium.remote.RemoteWebDriver.findElement(RemoteWebDriver.java:367)
	at org.openqa.selenium.remote.RemoteWebDriver.findElement(RemoteWebDriver.java:359)
	at com.selenium.assessment.SearchTab.validateEmployeeName(SearchTab.java:62)
	at java.base/java.util.ArrayList.forEach(ArrayList.java:1511)
... Removed 32 stack frames
</div> <!-- stack-trace -->
                </div> <!-- method-content -->
              </div> <!-- method -->
              <div class="method">
                <div class="method-content">
                  <a name="validateStatus">
                  </a> <!-- validateStatus -->
                  <span class="method-name">validateStatus</span>
                  <div class="stack-trace">org.openqa.selenium.NoSuchElementException: no such element: Unable to locate element: {&quot;method&quot;:&quot;xpath&quot;,&quot;selector&quot;:&quot;//*[@id=&apos;resultTable&apos;]/tbody/tr/td[2]/a&quot;}
  (Session info: chrome=97.0.4692.99)
For documentation on this error, please visit: https://selenium.dev/exceptions/#no_such_element
Build info: version: &apos;4.1.1&apos;, revision: &apos;e8fcc2cecf&apos;
System info: host: &apos;LAPTOP-D3MD0V0G&apos;, ip: &apos;10.0.0.106&apos;, os.name: &apos;Windows 10&apos;, os.arch: &apos;amd64&apos;, os.version: &apos;10.0&apos;, java.version: &apos;17.0.1&apos;
Driver info: org.openqa.selenium.chrome.ChromeDriver
Command: [18bf4cf125441e58d20d05a1e3a5fcc8, findElement {using=xpath, value=//*[@id=&apos;resultTable&apos;]/tbody/tr/td[2]/a}]
Capabilities {acceptInsecureCerts: false, browserName: chrome, browserVersion: 97.0.4692.99, chrome: {chromedriverVersion: 97.0.4692.71 (adefa7837d02a..., userDataDir: C:\Users\TSHIFI~1.SNU\AppDa...}, goog:chromeOptions: {debuggerAddress: localhost:62286}, javascriptEnabled: true, networkConnectionEnabled: false, pageLoadStrategy: normal, platform: WINDOWS, platformName: WINDOWS, proxy: Proxy(), se:cdp: ws://localhost:62286/devtoo..., se:cdpVersion: 97.0.4692.99, setWindowRect: true, strictFileInteractability: false, timeouts: {implicit: 0, pageLoad: 300000, script: 30000}, unhandledPromptBehavior: dismiss and notify, webauthn:extension:credBlob: true, webauthn:extension:largeBlob: true, webauthn:virtualAuthenticators: true}
Session ID: 18bf4cf125441e58d20d05a1e3a5fcc8
	at org.openqa.selenium.remote.codec.w3c.W3CHttpResponseCodec.createException(W3CHttpResponseCodec.java:200)
	at org.openqa.selenium.remote.codec.w3c.W3CHttpResponseCodec.decode(W3CHttpResponseCodec.java:133)
	at org.openqa.selenium.remote.codec.w3c.W3CHttpResponseCodec.decode(W3CHttpResponseCodec.java:53)
	at org.openqa.selenium.remote.HttpCommandExecutor.execute(HttpCommandExecutor.java:184)
	at org.openqa.selenium.remote.service.DriverCommandExecutor.invokeExecute(DriverCommandExecutor.java:167)
	at org.openqa.selenium.remote.service.DriverCommandExecutor.execute(DriverCommandExecutor.java:142)
	at org.openqa.selenium.remote.RemoteWebDriver.execute(RemoteWebDriver.java:543)
	at org.openqa.selenium.remote.ElementLocation$ElementFinder$2.findElement(ElementLocation.java:162)
	at org.openqa.selenium.remote.ElementLocation.findElement(ElementLocation.java:60)
	at org.openqa.selenium.remote.RemoteWebDriver.findElement(RemoteWebDriver.java:367)
	at org.openqa.selenium.remote.RemoteWebDriver.findElement(RemoteWebDriver.java:359)
	at com.selenium.assessment.SearchTab.validateStatus(SearchTab.java:87)
	at java.base/java.util.ArrayList.forEach(ArrayList.java:1511)
... Removed 32 stack frames
</div> <!-- stack-trace -->
                </div> <!-- method-content -->
              </div> <!-- method -->
              <div class="method">
                <div class="method-content">
                  <a name="validateUsername">
                  </a> <!-- validateUsername -->
                  <span class="method-name">validateUsername</span>
                  <div class="stack-trace">org.openqa.selenium.NoSuchElementException: no such element: Unable to locate element: {&quot;method&quot;:&quot;xpath&quot;,&quot;selector&quot;:&quot;//*[@id=&apos;resultTable&apos;]/tbody/tr/td[2]/a&quot;}
  (Session info: chrome=97.0.4692.99)
For documentation on this error, please visit: https://selenium.dev/exceptions/#no_such_element
Build info: version: &apos;4.1.1&apos;, revision: &apos;e8fcc2cecf&apos;
System info: host: &apos;LAPTOP-D3MD0V0G&apos;, ip: &apos;10.0.0.106&apos;, os.name: &apos;Windows 10&apos;, os.arch: &apos;amd64&apos;, os.version: &apos;10.0&apos;, java.version: &apos;17.0.1&apos;
Driver info: org.openqa.selenium.chrome.ChromeDriver
Command: [18bf4cf125441e58d20d05a1e3a5fcc8, findElement {using=xpath, value=//*[@id=&apos;resultTable&apos;]/tbody/tr/td[2]/a}]
Capabilities {acceptInsecureCerts: false, browserName: chrome, browserVersion: 97.0.4692.99, chrome: {chromedriverVersion: 97.0.4692.71 (adefa7837d02a..., userDataDir: C:\Users\TSHIFI~1.SNU\AppDa...}, goog:chromeOptions: {debuggerAddress: localhost:62286}, javascriptEnabled: true, networkConnectionEnabled: false, pageLoadStrategy: normal, platform: WINDOWS, platformName: WINDOWS, proxy: Proxy(), se:cdp: ws://localhost:62286/devtoo..., se:cdpVersion: 97.0.4692.99, setWindowRect: true, strictFileInteractability: false, timeouts: {implicit: 0, pageLoad: 300000, script: 30000}, unhandledPromptBehavior: dismiss and notify, webauthn:extension:credBlob: true, webauthn:extension:largeBlob: true, webauthn:virtualAuthenticators: true}
Session ID: 18bf4cf125441e58d20d05a1e3a5fcc8
	at org.openqa.selenium.remote.codec.w3c.W3CHttpResponseCodec.createException(W3CHttpResponseCodec.java:200)
	at org.openqa.selenium.remote.codec.w3c.W3CHttpResponseCodec.decode(W3CHttpResponseCodec.java:133)
	at org.openqa.selenium.remote.codec.w3c.W3CHttpResponseCodec.decode(W3CHttpResponseCodec.java:53)
	at org.openqa.selenium.remote.HttpCommandExecutor.execute(HttpCommandExecutor.java:184)
	at org.openqa.selenium.remote.service.DriverCommandExecutor.invokeExecute(DriverCommandExecutor.java:167)
	at org.openqa.selenium.remote.service.DriverCommandExecutor.execute(DriverCommandExecutor.java:142)
	at org.openqa.selenium.remote.RemoteWebDriver.execute(RemoteWebDriver.java:543)
	at org.openqa.selenium.remote.ElementLocation$ElementFinder$2.findElement(ElementLocation.java:162)
	at org.openqa.selenium.remote.ElementLocation.findElement(ElementLocation.java:60)
	at org.openqa.selenium.remote.RemoteWebDriver.findElement(RemoteWebDriver.java:367)
	at org.openqa.selenium.remote.RemoteWebDriver.findElement(RemoteWebDriver.java:359)
	at com.selenium.assessment.SearchTab.validateUsername(SearchTab.java:37)
	at java.base/java.util.ArrayList.forEach(ArrayList.java:1511)
... Removed 32 stack frames
</div> <!-- stack-trace -->
                </div> <!-- method-content -->
              </div> <!-- method -->
            </div> <!-- main-panel-content rounded-window-bottom -->
          </div> <!-- suite-Suite-class-failed -->
          <div class="suite-Suite-class-passed">
            <div class="main-panel-header rounded-window-top">
              <img src="passed.png"/>
              <span class="class-name">com.selenium.assessment.AddUser</span>
            </div> <!-- main-panel-header rounded-window-top -->
            <div class="main-panel-content rounded-window-bottom">
              <div class="method">
                <div class="method-content">
                  <a name="VerifyStatusDropdown">
                  </a> <!-- VerifyStatusDropdown -->
                  <span class="method-name">VerifyStatusDropdown</span>
                </div> <!-- method-content -->
              </div> <!-- method -->
              <div class="method">
                <div class="method-content">
                  <a name="test_case_five">
                  </a> <!-- test_case_five -->
                  <span class="method-name">test_case_five</span>
                </div> <!-- method-content -->
              </div> <!-- method -->
            </div> <!-- main-panel-content rounded-window-bottom -->
          </div> <!-- suite-Suite-class-passed -->
          <div class="suite-Suite-class-passed">
            <div class="main-panel-header rounded-window-top">
              <img src="passed.png"/>
              <span class="class-name">com.selenium.assessment.AdminTab</span>
            </div> <!-- main-panel-header rounded-window-top -->
            <div class="main-panel-content rounded-window-bottom">
              <div class="method">
                <div class="method-content">
                  <a name="test_case_three">
                  </a> <!-- test_case_three -->
                  <span class="method-name">test_case_three</span>
                </div> <!-- method-content -->
              </div> <!-- method -->
              <div class="method">
                <div class="method-content">
                  <a name="validateAdd">
                  </a> <!-- validateAdd -->
                  <span class="method-name">validateAdd</span>
                </div> <!-- method-content -->
              </div> <!-- method -->
              <div class="method">
                <div class="method-content">
                  <a name="validateAdminUrl">
                  </a> <!-- validateAdminUrl -->
                  <span class="method-name">validateAdminUrl</span>
                </div> <!-- method-content -->
              </div> <!-- method -->
              <div class="method">
                <div class="method-content">
                  <a name="validateDelete">
                  </a> <!-- validateDelete -->
                  <span class="method-name">validateDelete</span>
                </div> <!-- method-content -->
              </div> <!-- method -->
              <div class="method">
                <div class="method-content">
                  <a name="validateReset">
                  </a> <!-- validateReset -->
                  <span class="method-name">validateReset</span>
                </div> <!-- method-content -->
              </div> <!-- method -->
              <div class="method">
                <div class="method-content">
                  <a name="validateSearch">
                  </a> <!-- validateSearch -->
                  <span class="method-name">validateSearch</span>
                </div> <!-- method-content -->
              </div> <!-- method -->
            </div> <!-- main-panel-content rounded-window-bottom -->
          </div> <!-- suite-Suite-class-passed -->
          <div class="suite-Suite-class-passed">
            <div class="main-panel-header rounded-window-top">
              <img src="passed.png"/>
              <span class="class-name">com.selenium.assessment.PageTitle</span>
            </div> <!-- main-panel-header rounded-window-top -->
            <div class="main-panel-content rounded-window-bottom">
              <div class="method">
                <div class="method-content">
                  <a name="test_case_one">
                  </a> <!-- test_case_one -->
                  <span class="method-name">test_case_one</span>
                </div> <!-- method-content -->
              </div> <!-- method -->
            </div> <!-- main-panel-content rounded-window-bottom -->
          </div> <!-- suite-Suite-class-passed -->
          <div class="suite-Suite-class-passed">
            <div class="main-panel-header rounded-window-top">
              <img src="passed.png"/>
              <span class="class-name">com.selenium.assessment.Login</span>
            </div> <!-- main-panel-header rounded-window-top -->
            <div class="main-panel-content rounded-window-bottom">
              <div class="method">
                <div class="method-content">
                  <a name="login(Admin, admin123)">
                  </a> <!-- login(Admin, admin123) -->
                  <span class="method-name">login</span>
                  <span class="parameters">(Admin, admin123)</span>
                </div> <!-- method-content -->
              </div> <!-- method -->
              <div class="method">
                <div class="method-content">
                  <a name="validateAdminTab">
                  </a> <!-- validateAdminTab -->
                  <span class="method-name">validateAdminTab</span>
                </div> <!-- method-content -->
              </div> <!-- method -->
              <div class="method">
                <div class="method-content">
                  <a name="validateUrl">
                  </a> <!-- validateUrl -->
                  <span class="method-name">validateUrl</span>
                </div> <!-- method-content -->
              </div> <!-- method -->
              <div class="method">
                <div class="method-content">
                  <a name="validateWelcomeAdmin">
                  </a> <!-- validateWelcomeAdmin -->
                  <span class="method-name">validateWelcomeAdmin</span>
                </div> <!-- method-content -->
              </div> <!-- method -->
            </div> <!-- main-panel-content rounded-window-bottom -->
          </div> <!-- suite-Suite-class-passed -->
          <div class="suite-Suite-class-passed">
            <div class="main-panel-header rounded-window-top">
              <img src="passed.png"/>
              <span class="class-name">com.selenium.assessment.AddButton</span>
            </div> <!-- main-panel-header rounded-window-top -->
            <div class="main-panel-content rounded-window-bottom">
              <div class="method">
                <div class="method-content">
                  <a name="AddUserH1">
                  </a> <!-- AddUserH1 -->
                  <span class="method-name">AddUserH1</span>
                </div> <!-- method-content -->
              </div> <!-- method -->
              <div class="method">
                <div class="method-content">
                  <a name="ValidateUrl">
                  </a> <!-- ValidateUrl -->
                  <span class="method-name">ValidateUrl</span>
                </div> <!-- method-content -->
              </div> <!-- method -->
              <div class="method">
                <div class="method-content">
                  <a name="test_case_four">
                  </a> <!-- test_case_four -->
                  <span class="method-name">test_case_four</span>
                </div> <!-- method-content -->
              </div> <!-- method -->
            </div> <!-- main-panel-content rounded-window-bottom -->
          </div> <!-- suite-Suite-class-passed -->
        </div> <!-- panel Suite -->
        <div panel-name="test-xml-Suite" class="panel">
          <div class="main-panel-header rounded-window-top">
            <span class="header-content">C:\Users\Tshifiwa.Snugo\git\Selenium Assessment\SeleniumTestNG_Assessment\testng.xml</span>
          </div> <!-- main-panel-header rounded-window-top -->
          <div class="main-panel-content rounded-window-bottom">
            <pre>
&lt;?xml version=&quot;1.0&quot; encoding=&quot;UTF-8&quot;?&gt;
&lt;!DOCTYPE suite SYSTEM &quot;https://testng.org/testng-1.0.dtd&quot;&gt;
&lt;suite name=&quot;Suite&quot; guice-stage=&quot;DEVELOPMENT&quot;&gt;
  &lt;test thread-count=&quot;5&quot; name=&quot;Test&quot;&gt;
    &lt;classes&gt;
      &lt;class name=&quot;com.selenium.assessment.Config&quot;/&gt;
      &lt;class name=&quot;com.selenium.assessment.PageTitle&quot;/&gt;
      &lt;class name=&quot;com.selenium.assessment.Login&quot;/&gt;
      &lt;class name=&quot;com.selenium.assessment.AdminTab&quot;/&gt;
      &lt;class name=&quot;com.selenium.assessment.AddButton&quot;/&gt;
      &lt;class name=&quot;com.selenium.assessment.AddUser&quot;/&gt;
      &lt;class name=&quot;com.selenium.assessment.SearchTab&quot;/&gt;
    &lt;/classes&gt;
  &lt;/test&gt; &lt;!-- Test --&gt;
&lt;/suite&gt; &lt;!-- Suite --&gt;
            </pre>
          </div> <!-- main-panel-content rounded-window-bottom -->
        </div> <!-- panel -->
        <div panel-name="testlist-Suite" class="panel">
          <div class="main-panel-header rounded-window-top">
            <span class="header-content">Tests for Suite</span>
          </div> <!-- main-panel-header rounded-window-top -->
          <div class="main-panel-content rounded-window-bottom">
            <ul>
              <li>
                <span class="test-name">Test (7 classes)</span>
              </li>
            </ul>
          </div> <!-- main-panel-content rounded-window-bottom -->
        </div> <!-- panel -->
        <div panel-name="group-Suite" class="panel">
          <div class="main-panel-header rounded-window-top">
            <span class="header-content">Groups for Suite</span>
          </div> <!-- main-panel-header rounded-window-top -->
          <div class="main-panel-content rounded-window-bottom">
          </div> <!-- main-panel-content rounded-window-bottom -->
        </div> <!-- panel -->
        <div panel-name="times-Suite" class="panel">
          <div class="main-panel-header rounded-window-top">
            <span class="header-content">Times for Suite</span>
          </div> <!-- main-panel-header rounded-window-top -->
          <div class="main-panel-content rounded-window-bottom">
            <div class="times-div">
              <script type="text/javascript">
suiteTableInitFunctions.push('tableData_Suite');
function tableData_Suite() {
var data = new google.visualization.DataTable();
data.addColumn('number', 'Number');
data.addColumn('string', 'Method');
data.addColumn('string', 'Class');
data.addColumn('number', 'Time (ms)');
data.addRows(20);
data.setCell(0, 0, 0)
data.setCell(0, 1, 'test_case_one')
data.setCell(0, 2, 'com.selenium.assessment.PageTitle')
data.setCell(0, 3, 8333);
data.setCell(1, 0, 1)
data.setCell(1, 1, 'login')
data.setCell(1, 2, 'com.selenium.assessment.Login')
data.setCell(1, 3, 7369);
data.setCell(2, 0, 2)
data.setCell(2, 1, 'test_case_five')
data.setCell(2, 2, 'com.selenium.assessment.AddUser')
data.setCell(2, 3, 3258);
data.setCell(3, 0, 3)
data.setCell(3, 1, 'test_case_six')
data.setCell(3, 2, 'com.selenium.assessment.SearchTab')
data.setCell(3, 3, 2021);
data.setCell(4, 0, 4)
data.setCell(4, 1, 'test_case_three')
data.setCell(4, 2, 'com.selenium.assessment.AdminTab')
data.setCell(4, 3, 1511);
data.setCell(5, 0, 5)
data.setCell(5, 1, 'test_case_four')
data.setCell(5, 2, 'com.selenium.assessment.AddButton')
data.setCell(5, 3, 743);
data.setCell(6, 0, 6)
data.setCell(6, 1, 'VerifyStatusDropdown')
data.setCell(6, 2, 'com.selenium.assessment.AddUser')
data.setCell(6, 3, 31);
data.setCell(7, 0, 7)
data.setCell(7, 1, 'validateAdminTab')
data.setCell(7, 2, 'com.selenium.assessment.Login')
data.setCell(7, 3, 28);
data.setCell(8, 0, 8)
data.setCell(8, 1, 'validateWelcomeAdmin')
data.setCell(8, 2, 'com.selenium.assessment.Login')
data.setCell(8, 3, 21);
data.setCell(9, 0, 9)
data.setCell(9, 1, 'validateAdd')
data.setCell(9, 2, 'com.selenium.assessment.AdminTab')
data.setCell(9, 3, 18);
data.setCell(10, 0, 10)
data.setCell(10, 1, 'validateSearch')
data.setCell(10, 2, 'com.selenium.assessment.AdminTab')
data.setCell(10, 3, 16);
data.setCell(11, 0, 11)
data.setCell(11, 1, 'AddUserH1')
data.setCell(11, 2, 'com.selenium.assessment.AddButton')
data.setCell(11, 3, 16);
data.setCell(12, 0, 12)
data.setCell(12, 1, 'validateReset')
data.setCell(12, 2, 'com.selenium.assessment.AdminTab')
data.setCell(12, 3, 16);
data.setCell(13, 0, 13)
data.setCell(13, 1, 'validateDelete')
data.setCell(13, 2, 'com.selenium.assessment.AdminTab')
data.setCell(13, 3, 15);
data.setCell(14, 0, 14)
data.setCell(14, 1, 'validateUsername')
data.setCell(14, 2, 'com.selenium.assessment.SearchTab')
data.setCell(14, 3, 9);
data.setCell(15, 0, 15)
data.setCell(15, 1, 'validateUrl')
data.setCell(15, 2, 'com.selenium.assessment.Login')
data.setCell(15, 3, 5);
data.setCell(16, 0, 16)
data.setCell(16, 1, 'validateEmployeeName')
data.setCell(16, 2, 'com.selenium.assessment.SearchTab')
data.setCell(16, 3, 5);
data.setCell(17, 0, 17)
data.setCell(17, 1, 'validateStatus')
data.setCell(17, 2, 'com.selenium.assessment.SearchTab')
data.setCell(17, 3, 5);
data.setCell(18, 0, 18)
data.setCell(18, 1, 'validateAdminUrl')
data.setCell(18, 2, 'com.selenium.assessment.AdminTab')
data.setCell(18, 3, 4);
data.setCell(19, 0, 19)
data.setCell(19, 1, 'ValidateUrl')
data.setCell(19, 2, 'com.selenium.assessment.AddButton')
data.setCell(19, 3, 4);
window.suiteTableData['Suite']= { tableData: data, tableDiv: 'times-div-Suite'}
return data;
}
              </script>
              <span class="suite-total-time">Total running time: 23 seconds</span>
              <div id="times-div-Suite">
              </div> <!-- times-div-Suite -->
            </div> <!-- times-div -->
          </div> <!-- main-panel-content rounded-window-bottom -->
        </div> <!-- panel -->
        <div panel-name="reporter-Suite" class="panel">
          <div class="main-panel-header rounded-window-top">
            <span class="header-content">Reporter output for Suite</span>
          </div> <!-- main-panel-header rounded-window-top -->
          <div class="main-panel-content rounded-window-bottom">
          </div> <!-- main-panel-content rounded-window-bottom -->
        </div> <!-- panel -->
        <div panel-name="ignored-methods-Suite" class="panel">
          <div class="main-panel-header rounded-window-top">
            <span class="header-content">12 ignored methods</span>
          </div> <!-- main-panel-header rounded-window-top -->
          <div class="main-panel-content rounded-window-bottom">
            <div class="ignored-class-div">
              <span class="ignored-class-name">com.selenium.assessment.SearchTab</span>
              <div class="ignored-methods-div">
                <span class="ignored-method-name">cleanUp</span>
                <br/>
                <span class="ignored-method-name">setup</span>
                <br/>
              </div> <!-- ignored-methods-div -->
            </div> <!-- ignored-class-div -->
            <div class="ignored-class-div">
              <span class="ignored-class-name">com.selenium.assessment.AddUser</span>
              <div class="ignored-methods-div">
                <span class="ignored-method-name">cleanUp</span>
                <br/>
                <span class="ignored-method-name">setup</span>
                <br/>
              </div> <!-- ignored-methods-div -->
            </div> <!-- ignored-class-div -->
            <div class="ignored-class-div">
              <span class="ignored-class-name">com.selenium.assessment.AdminTab</span>
              <div class="ignored-methods-div">
                <span class="ignored-method-name">cleanUp</span>
                <br/>
                <span class="ignored-method-name">setup</span>
                <br/>
              </div> <!-- ignored-methods-div -->
            </div> <!-- ignored-class-div -->
            <div class="ignored-class-div">
              <span class="ignored-class-name">com.selenium.assessment.PageTitle</span>
              <div class="ignored-methods-div">
                <span class="ignored-method-name">cleanUp</span>
                <br/>
                <span class="ignored-method-name">setup</span>
                <br/>
              </div> <!-- ignored-methods-div -->
            </div> <!-- ignored-class-div -->
            <div class="ignored-class-div">
              <span class="ignored-class-name">com.selenium.assessment.Login</span>
              <div class="ignored-methods-div">
                <span class="ignored-method-name">cleanUp</span>
                <br/>
                <span class="ignored-method-name">setup</span>
                <br/>
              </div> <!-- ignored-methods-div -->
            </div> <!-- ignored-class-div -->
            <div class="ignored-class-div">
              <span class="ignored-class-name">com.selenium.assessment.AddButton</span>
              <div class="ignored-methods-div">
                <span class="ignored-method-name">cleanUp</span>
                <br/>
                <span class="ignored-method-name">setup</span>
                <br/>
              </div> <!-- ignored-methods-div -->
            </div> <!-- ignored-class-div -->
          </div> <!-- main-panel-content rounded-window-bottom -->
        </div> <!-- panel -->
        <div panel-name="chronological-Suite" class="panel">
          <div class="main-panel-header rounded-window-top">
            <span class="header-content">Methods in chronological order</span>
          </div> <!-- main-panel-header rounded-window-top -->
          <div class="main-panel-content rounded-window-bottom">
            <div class="chronological-class">
              <div class="chronological-class-name">com.selenium.assessment.Config</div> <!-- chronological-class-name -->
              <div class="configuration-suite before">
                <span class="method-name">setup</span>
                <span class="method-start">0 ms</span>
              </div> <!-- configuration-suite before -->
            </div> <!-- chronological-class -->
            <div class="chronological-class">
              <div class="chronological-class-name">com.selenium.assessment.PageTitle</div> <!-- chronological-class-name -->
              <div class="test-method">
                <span class="method-name">test_case_one</span>
                <span class="method-start">1631 ms</span>
              </div> <!-- test-method -->
              <div class="configuration-method after">
                <span class="method-name">EvaluateResult([TestResult name=test_case_one status=SUCCESS method=PageTitle.test_case_one()[pri:1, instance:com.s...)</span>
                <span class="method-start">9965 ms</span>
              </div> <!-- configuration-method after -->
            </div> <!-- chronological-class -->
            <div class="chronological-class">
              <div class="chronological-class-name">com.selenium.assessment.Login</div> <!-- chronological-class-name -->
              <div class="test-method">
                <span class="method-name">login(Admin, admin123)</span>
                <span class="method-start">9968 ms</span>
              </div> <!-- test-method -->
              <div class="configuration-method after">
                <span class="method-name">EvaluateResult([TestResult name=login status=SUCCESS method=Login.login(java.lang.String,java.lang.String)[pri:2, i...)</span>
                <span class="method-start">17338 ms</span>
              </div> <!-- configuration-method after -->
              <div class="test-method">
                <span class="method-name">validateUrl</span>
                <span class="method-start">17339 ms</span>
              </div> <!-- test-method -->
              <div class="configuration-method after">
                <span class="method-name">EvaluateResult([TestResult name=validateUrl status=SUCCESS method=Login.validateUrl()[pri:3, instance:com.selenium....)</span>
                <span class="method-start">17344 ms</span>
              </div> <!-- configuration-method after -->
              <div class="test-method">
                <span class="method-name">validateAdminTab</span>
                <span class="method-start">17345 ms</span>
              </div> <!-- test-method -->
              <div class="configuration-method after">
                <span class="method-name">EvaluateResult([TestResult name=validateAdminTab status=SUCCESS method=Login.validateAdminTab()[pri:4, instance:com...)</span>
                <span class="method-start">17374 ms</span>
              </div> <!-- configuration-method after -->
              <div class="test-method">
                <span class="method-name">validateWelcomeAdmin</span>
                <span class="method-start">17374 ms</span>
              </div> <!-- test-method -->
              <div class="configuration-method after">
                <span class="method-name">EvaluateResult([TestResult name=validateWelcomeAdmin status=SUCCESS method=Login.validateWelcomeAdmin()[pri:5, inst...)</span>
                <span class="method-start">17395 ms</span>
              </div> <!-- configuration-method after -->
            </div> <!-- chronological-class -->
            <div class="chronological-class">
              <div class="chronological-class-name">com.selenium.assessment.AdminTab</div> <!-- chronological-class-name -->
              <div class="test-method">
                <span class="method-name">test_case_three</span>
                <span class="method-start">17396 ms</span>
              </div> <!-- test-method -->
              <div class="test-method">
                <span class="method-name">validateAdminUrl</span>
                <span class="method-start">18908 ms</span>
              </div> <!-- test-method -->
              <div class="configuration-method after">
                <span class="method-name">EvaluateResult([TestResult name=test_case_three status=SUCCESS method=AdminTab.test_case_three()[pri:6, instance:co...)</span>
                <span class="method-start">18908 ms</span>
              </div> <!-- configuration-method after -->
              <div class="configuration-method after">
                <span class="method-name">EvaluateResult([TestResult name=validateAdminUrl status=SUCCESS method=AdminTab.validateAdminUrl()[pri:7, instance:...)</span>
                <span class="method-start">18912 ms</span>
              </div> <!-- configuration-method after -->
              <div class="test-method">
                <span class="method-name">validateAdd</span>
                <span class="method-start">18912 ms</span>
              </div> <!-- test-method -->
              <div class="test-method">
                <span class="method-name">validateDelete</span>
                <span class="method-start">18931 ms</span>
              </div> <!-- test-method -->
              <div class="configuration-method after">
                <span class="method-name">EvaluateResult([TestResult name=validateAdd status=SUCCESS method=AdminTab.validateAdd()[pri:8, instance:com.seleni...)</span>
                <span class="method-start">18931 ms</span>
              </div> <!-- configuration-method after -->
              <div class="configuration-method after">
                <span class="method-name">EvaluateResult([TestResult name=validateDelete status=SUCCESS method=AdminTab.validateDelete()[pri:9, instance:com....)</span>
                <span class="method-start">18946 ms</span>
              </div> <!-- configuration-method after -->
              <div class="test-method">
                <span class="method-name">validateSearch</span>
                <span class="method-start">18946 ms</span>
              </div> <!-- test-method -->
              <div class="configuration-method after">
                <span class="method-name">EvaluateResult([TestResult name=validateSearch status=SUCCESS method=AdminTab.validateSearch()[pri:10, instance:com...)</span>
                <span class="method-start">18962 ms</span>
              </div> <!-- configuration-method after -->
              <div class="test-method">
                <span class="method-name">validateReset</span>
                <span class="method-start">18963 ms</span>
              </div> <!-- test-method -->
            </div> <!-- chronological-class -->
            <div class="chronological-class">
              <div class="chronological-class-name">com.selenium.assessment.AddButton</div> <!-- chronological-class-name -->
              <div class="test-method">
                <span class="method-name">test_case_four</span>
                <span class="method-start">18980 ms</span>
              </div> <!-- test-method -->
            </div> <!-- chronological-class -->
            <div class="chronological-class">
              <div class="chronological-class-name">com.selenium.assessment.AdminTab</div> <!-- chronological-class-name -->
              <div class="configuration-method after">
                <span class="method-name">EvaluateResult([TestResult name=validateReset status=SUCCESS method=AdminTab.validateReset()[pri:11, instance:com.s...)</span>
                <span class="method-start">18980 ms</span>
              </div> <!-- configuration-method after -->
            </div> <!-- chronological-class -->
            <div class="chronological-class">
              <div class="chronological-class-name">com.selenium.assessment.AddButton</div> <!-- chronological-class-name -->
              <div class="configuration-method after">
                <span class="method-name">EvaluateResult([TestResult name=test_case_four status=SUCCESS method=AddButton.test_case_four()[pri:12, instance:co...)</span>
                <span class="method-start">19723 ms</span>
              </div> <!-- configuration-method after -->
              <div class="test-method">
                <span class="method-name">ValidateUrl</span>
                <span class="method-start">19724 ms</span>
              </div> <!-- test-method -->
              <div class="configuration-method after">
                <span class="method-name">EvaluateResult([TestResult name=ValidateUrl status=SUCCESS method=AddButton.ValidateUrl()[pri:13, instance:com.sele...)</span>
                <span class="method-start">19729 ms</span>
              </div> <!-- configuration-method after -->
              <div class="test-method">
                <span class="method-name">AddUserH1</span>
                <span class="method-start">19730 ms</span>
              </div> <!-- test-method -->
              <div class="configuration-method after">
                <span class="method-name">EvaluateResult([TestResult name=AddUserH1 status=SUCCESS method=AddButton.AddUserH1()[pri:14, instance:com.selenium...)</span>
                <span class="method-start">19746 ms</span>
              </div> <!-- configuration-method after -->
            </div> <!-- chronological-class -->
            <div class="chronological-class">
              <div class="chronological-class-name">com.selenium.assessment.AddUser</div> <!-- chronological-class-name -->
              <div class="test-method">
                <span class="method-name">test_case_five</span>
                <span class="method-start">19747 ms</span>
              </div> <!-- test-method -->
              <div class="configuration-method after">
                <span class="method-name">EvaluateResult([TestResult name=test_case_five status=SUCCESS method=AddUser.test_case_five()[pri:15, instance:com....)</span>
                <span class="method-start">23005 ms</span>
              </div> <!-- configuration-method after -->
              <div class="test-method">
                <span class="method-name">VerifyStatusDropdown</span>
                <span class="method-start">23006 ms</span>
              </div> <!-- test-method -->
              <div class="configuration-method after">
                <span class="method-name">EvaluateResult([TestResult name=VerifyStatusDropdown status=SUCCESS method=AddUser.VerifyStatusDropdown()[pri:16, i...)</span>
                <span class="method-start">23037 ms</span>
              </div> <!-- configuration-method after -->
            </div> <!-- chronological-class -->
            <div class="chronological-class">
              <div class="chronological-class-name">com.selenium.assessment.SearchTab</div> <!-- chronological-class-name -->
              <div class="test-method">
                <img src="failed.png">
                </img>
                <span class="method-name">test_case_six</span>
                <span class="method-start">23038 ms</span>
              </div> <!-- test-method -->
              <div class="configuration-method after">
                <span class="method-name">EvaluateResult([TestResult name=test_case_six status=FAILURE method=SearchTab.test_case_six()[pri:18, instance:com....)</span>
                <span class="method-start">25062 ms</span>
              </div> <!-- configuration-method after -->
              <div class="test-method">
                <img src="failed.png">
                </img>
                <span class="method-name">validateUsername</span>
                <span class="method-start">25062 ms</span>
              </div> <!-- test-method -->
              <div class="configuration-method after">
                <span class="method-name">EvaluateResult([TestResult name=validateUsername status=FAILURE method=SearchTab.validateUsername()[pri:19, instanc...)</span>
                <span class="method-start">25071 ms</span>
              </div> <!-- configuration-method after -->
              <div class="test-method">
                <img src="failed.png">
                </img>
                <span class="method-name">validateEmployeeName</span>
                <span class="method-start">25072 ms</span>
              </div> <!-- test-method -->
              <div class="configuration-method after">
                <span class="method-name">EvaluateResult([TestResult name=validateEmployeeName status=FAILURE method=SearchTab.validateEmployeeName()[pri:20,...)</span>
                <span class="method-start">25077 ms</span>
              </div> <!-- configuration-method after -->
              <div class="test-method">
                <img src="failed.png">
                </img>
                <span class="method-name">validateStatus</span>
                <span class="method-start">25078 ms</span>
              </div> <!-- test-method -->
              <div class="configuration-method after">
                <span class="method-name">EvaluateResult([TestResult name=validateStatus status=FAILURE method=SearchTab.validateStatus()[pri:21, instance:co...)</span>
                <span class="method-start">25083 ms</span>
              </div> <!-- configuration-method after -->
            </div> <!-- chronological-class -->
            <div class="chronological-class">
              <div class="chronological-class-name">com.selenium.assessment.Config</div> <!-- chronological-class-name -->
              <div class="configuration-suite after">
                <span class="method-name">cleanUp</span>
                <span class="method-start">25104 ms</span>
              </div> <!-- configuration-suite after -->
          </div> <!-- main-panel-content rounded-window-bottom -->
        </div> <!-- panel -->
      </div> <!-- main-panel-root -->
    </div> <!-- wrapper -->
  </body>
<script type="text/javascript" src="testng-reports2.js"></script>
</html>
